<?xml version="1.0" encoding="UTF-8"?>
<!-- Generated by org.testng.reporters.JUnitReportReporter -->
<testsuite skipped="0" hostname="LAPTOP-L0R95SDA" name="com.rg.test.CalenderTest" tests="1" failures="0" timestamp="26 Nov 2018 19:04:38 GMT" time="19.816" errors="0">
  <testcase name="calender" time="19.816" classname="com.rg.test.CalenderTest"/>
</testsuite> <!-- com.rg.test.CalenderTest -->
