<?xml version="1.0" encoding="UTF-8"?>
<!-- Generated by org.testng.reporters.JUnitReportReporter -->
<testsuite skipped="0" hostname="LAPTOP-L0R95SDA" name="com.rg.test.TestLogin" tests="3" failures="0" timestamp="18 Nov 2018 10:39:48 GMT" time="38.787" errors="0">
  <testcase name="getTitel" time="8.878" classname="com.rg.test.TestLogin"/>
  <testcase name="testLogin" time="14.803" classname="com.rg.test.TestLogin"/>
  <testcase name="checkHomePageTitel" time="15.106" classname="com.rg.test.TestLogin"/>
</testsuite> <!-- com.rg.test.TestLogin -->
