<?xml version="1.0" encoding="UTF-8"?>
<!-- Generated by org.testng.reporters.JUnitReportReporter -->
<testsuite skipped="0" hostname="LAPTOP-L0R95SDA" name="com.rg.test.TestLogin" tests="3" failures="0" timestamp="20 Nov 2018 18:26:28 GMT" time="37.563" errors="0">
  <testcase name="getTitel" time="8.937" classname="com.rg.test.TestLogin"/>
  <testcase name="testLogin" time="14.155" classname="com.rg.test.TestLogin"/>
  <testcase name="checkHomePageTitel" time="14.471" classname="com.rg.test.TestLogin"/>
</testsuite> <!-- com.rg.test.TestLogin -->
