<?xml version="1.0" encoding="UTF-8"?>
<!-- Generated by org.testng.reporters.JUnitReportReporter -->
<testsuite skipped="0" hostname="LAPTOP-L0R95SDA" name="com.rg.test.CalenderTest" tests="1" failures="0" timestamp="19 Nov 2018 16:44:57 GMT" time="0.011" errors="0">
  <testcase name="f" time="0.011" classname="com.rg.test.CalenderTest"/>
</testsuite> <!-- com.rg.test.CalenderTest -->
